[2025-01-23 18:55:11] [DEBUG] Проверка заполнения полей.
[2025-01-23 18:55:11] [WARNING] Не все поля заполнены. Кнопка 'Старт' неактивна.
[2025-01-23 18:55:12] [DEBUG] Начало выбора файла расписания.
[2025-01-23 18:55:13] [INFO] Выбран файл расписания: C:/Users/Админ/Downloads/Новое расписание 2.xlsx
[2025-01-23 18:55:13] [DEBUG] Проверка заполнения полей.
[2025-01-23 18:55:13] [WARNING] Не все поля заполнены. Кнопка 'Старт' неактивна.
[2025-01-23 18:55:14] [DEBUG] Начало выбора файла справочника.
[2025-01-23 18:55:15] [INFO] Выбран файл справочника: C:/Users/Админ/Downloads/Справочник_предметы.xlsx
[2025-01-23 18:55:15] [DEBUG] Проверка заполнения полей.
[2025-01-23 18:55:15] [INFO] Все поля заполнены. Кнопка 'Старт' активирована.
[2025-01-23 18:55:19] [INFO] Начало процесса обработки данных.
[2025-01-23 18:55:19] [DEBUG] Загрузка файла расписания: C:/Users/Админ/Downloads/Новое расписание 2.xlsx
[2025-01-23 18:55:19] [DEBUG] Загрузка файла справочника: C:/Users/Админ/Downloads/Справочник_предметы.xlsx
[2025-01-23 18:55:19] [INFO] Вызов скрипта Leader.py...
[2025-01-23 18:55:20] [INFO] Скрипт Leader.py успешно выполнен.
[2025-01-23 18:55:20] [DEBUG] Вывод скрипта: [INFO] Начало работы основного скрипта.
[INFO] Шаг 1: Преобразование или перекладывание файлов...
[DEBUG] Текущая директория скрипта: C:\WORCING\GIT\journal_SO\v.2.0
[INFO] Обнаружен Excel-файл расписания: path/to/Schedule.xlsx. Начинаем преобразование в CSV.
[2025-01-23 18:55:19] [INFO] Запуск скрипта: excel_to_csv.py
[2025-01-23 18:55:19] [ERROR] Ошибка при выполнении скрипта excel_to_csv.py: Command '['python3', 'excel_to_csv.py', 'path/to/Schedule.xlsx', 'C:\\WORCING\\GIT\\journal_SO\\v.2.0\\Schedule.csv']' returned non-zero exit status 9009.
[ERROR] Ошибка при преобразовании файла расписания в CSV.
[ERROR] Ошибка при преобразовании или перекладывании файлов. Завершение работы.

[2025-01-23 18:55:20] [INFO] Обработка данных завершена.
[2025-01-23 18:55:20] [INFO] Завершение процесса обработки данных.
